\BOOKMARK [0][-]{chapter*.3}{\315ndice de Tablas}{}% 1
\BOOKMARK [0][-]{chapter*.4}{\315ndice de Figuras}{}% 2
\BOOKMARK [0][-]{chapter.1}{Introducci\363n}{}% 3
\BOOKMARK [1][-]{section.1.1}{Antecedentes y definici\363n del problema}{chapter.1}% 4
\BOOKMARK [1][-]{section.1.2}{Motivaci\363n para atender el problema}{chapter.1}% 5
\BOOKMARK [1][-]{section.1.3}{Propuesta de soluci\363n}{chapter.1}% 6
\BOOKMARK [1][-]{section.1.4}{Objetivos generales}{chapter.1}% 7
\BOOKMARK [1][-]{section.1.5}{Objetivos espec\355ficos}{chapter.1}% 8
\BOOKMARK [0][-]{chapter.2}{Marco te\363rico}{}% 9
\BOOKMARK [1][-]{section.2.1}{MEAN/MERN}{chapter.2}% 10
\BOOKMARK [2][-]{subsection.2.1.1}{Componentes MEAN}{section.2.1}% 11
\BOOKMARK [2][-]{subsection.2.1.2}{Base de datos NOSQL}{section.2.1}% 12
\BOOKMARK [2][-]{subsection.2.1.3}{Orientado a documentos}{section.2.1}% 13
\BOOKMARK [2][-]{subsection.2.1.4}{Angular/React}{section.2.1}% 14
\BOOKMARK [2][-]{subsection.2.1.5}{Beneficios}{section.2.1}% 15
\BOOKMARK [2][-]{subsection.2.1.6}{Desventajas}{section.2.1}% 16
\BOOKMARK [1][-]{section.2.2}{FERN}{chapter.2}% 17
\BOOKMARK [2][-]{subsection.2.2.1}{Componentes}{section.2.2}% 18
\BOOKMARK [2][-]{subsection.2.2.2}{Cloud Firestore}{section.2.2}% 19
\BOOKMARK [2][-]{subsection.2.2.3}{Node.js}{section.2.2}% 20
\BOOKMARK [2][-]{subsection.2.2.4}{El ecosistema NPM}{section.2.2}% 21
\BOOKMARK [2][-]{subsection.2.2.5}{Comandos NPM}{section.2.2}% 22
\BOOKMARK [2][-]{subsection.2.2.6}{Express.js}{section.2.2}% 23
\BOOKMARK [2][-]{subsection.2.2.7}{React.js}{section.2.2}% 24
\BOOKMARK [2][-]{subsection.2.2.8}{Componentes React}{section.2.2}% 25
\BOOKMARK [2][-]{subsection.2.2.9}{DOM Virtual}{section.2.2}% 26
\BOOKMARK [1][-]{section.2.3}{Preprocesamiento}{chapter.2}% 27
\BOOKMARK [2][-]{subsection.2.3.1}{ES5/ES6}{section.2.3}% 28
\BOOKMARK [1][-]{section.2.4}{E-commerce \(Comercio electr\363nico\)}{chapter.2}% 29
